Using pre-set license
Built from '2022.3/staging' branch; Version is '2022.3.47f1 (88c277b85d21) revision 8962679'; Using compiler version '192829333'; Build Type 'Release'
OS: 'Windows 11  (10.0.22631) 64bit Professional' Language: 'pt' Physical Memory: 7895 MB
BatchMode: 1, IsHumanControllingUs: 0, StartBugReporterOnCrash: 0, Is64bit: 1, IsPro: 1

COMMAND LINE ARGUMENTS:
C:\Program Files\Unity\Hub\Editor\2022.3.47f1\Editor\Unity.exe
-adb2
-batchMode
-noUpm
-name
AssetImportWorker0
-projectPath
C:/Users/Kaio/Documents/GitHub/base/Labirinto
-logFile
Logs/AssetImportWorker0.log
-srvPort
53834
Successfully changed project path to: C:/Users/Kaio/Documents/GitHub/base/Labirinto
C:/Users/Kaio/Documents/GitHub/base/Labirinto
[UnityMemory] Configuration Parameters - Can be set up in boot.config
    "memorysetup-bucket-allocator-granularity=16"
    "memorysetup-bucket-allocator-bucket-count=8"
    "memorysetup-bucket-allocator-block-size=33554432"
    "memorysetup-bucket-allocator-block-count=8"
    "memorysetup-main-allocator-block-size=16777216"
    "memorysetup-thread-allocator-block-size=16777216"
    "memorysetup-gfx-main-allocator-block-size=16777216"
    "memorysetup-gfx-thread-allocator-block-size=16777216"
    "memorysetup-cache-allocator-block-size=4194304"
    "memorysetup-typetree-allocator-block-size=2097152"
    "memorysetup-profiler-bucket-allocator-granularity=16"
    "memorysetup-profiler-bucket-allocator-bucket-count=8"
    "memorysetup-profiler-bucket-allocator-block-size=33554432"
    "memorysetup-profiler-bucket-allocator-block-count=8"
    "memorysetup-profiler-allocator-block-size=16777216"
    "memorysetup-profiler-editor-allocator-block-size=1048576"
    "memorysetup-temp-allocator-size-main=16777216"
    "memorysetup-job-temp-allocator-block-size=2097152"
    "memorysetup-job-temp-allocator-block-size-background=1048576"
    "memorysetup-job-temp-allocator-reduction-small-platforms=262144"
    "memorysetup-allocator-temp-initial-block-size-main=262144"
    "memorysetup-allocator-temp-initial-block-size-worker=262144"
    "memorysetup-temp-allocator-size-background-worker=32768"
    "memorysetup-temp-allocator-size-job-worker=262144"
    "memorysetup-temp-allocator-size-preload-manager=33554432"
    "memorysetup-temp-allocator-size-nav-mesh-worker=65536"
    "memorysetup-temp-allocator-size-audio-worker=65536"
    "memorysetup-temp-allocator-size-cloud-worker=32768"
    "memorysetup-temp-allocator-size-gi-baking-worker=262144"
    "memorysetup-temp-allocator-size-gfx=262144"
Player connection [179344]  Target information:

Player connection [179344]  * "[IP] 192.168.0.113 [Port] 0 [Flags] 2 [Guid] 2424059856 [EditorId] 2424059856 [Version] 1048832 [Id] WindowsEditor(7,kaioH) [Debug] 1 [PackageName] WindowsEditor [ProjectName] Editor" 

Player connection [179344] Host joined multi-casting on [225.0.0.222:54997]...
Player connection [179344] Host joined alternative multi-casting on [225.0.0.222:34997]...
[PhysX] Initialized MultithreadedTaskDispatcher with 12 workers.
Refreshing native plugins compatible for Editor in 33.56 ms, found 5 plugins.
Preloading 0 native plugins for Editor in 0.00 ms.
Initialize engine version: 2022.3.47f1 (88c277b85d21)
[Subsystems] Discovering subsystems at path C:/Program Files/Unity/Hub/Editor/2022.3.47f1/Editor/Data/Resources/UnitySubsystems
[Subsystems] Discovering subsystems at path C:/Users/Kaio/Documents/GitHub/base/Labirinto/Assets
GfxDevice: creating device client; threaded=0; jobified=0
Direct3D:
    Version:  Direct3D 11.0 [level 11.1]
    Renderer: NVIDIA GeForce RTX 3050 6GB Laptop GPU (ID=0x25ac)
    Vendor:   NVIDIA
    VRAM:     6017 MB
    Driver:   31.0.15.4618
Initialize mono
Mono path[0] = 'C:/Program Files/Unity/Hub/Editor/2022.3.47f1/Editor/Data/Managed'
Mono path[1] = 'C:/Program Files/Unity/Hub/Editor/2022.3.47f1/Editor/Data/MonoBleedingEdge/lib/mono/unityjit-win32'
Mono config path = 'C:/Program Files/Unity/Hub/Editor/2022.3.47f1/Editor/Data/MonoBleedingEdge/etc'
Using monoOptions --debugger-agent=transport=dt_socket,embedding=1,server=y,suspend=n,address=127.0.0.1:56456
Begin MonoManager ReloadAssembly
Registering precompiled unity dll's ...
Register platform support module: C:/Program Files/Unity/Hub/Editor/2022.3.47f1/Editor/Data/PlaybackEngines/WindowsStandaloneSupport/UnityEditor.WindowsStandalone.Extensions.dll
Registered in 0.009002 seconds.
- Loaded All Assemblies, in  0.521 seconds
Native extension for WindowsStandalone target not found
Mono: successfully reloaded assembly
- Finished resetting the current domain, in  0.223 seconds
Domain Reload Profiling: 744ms
	BeginReloadAssembly (267ms)
		ExecutionOrderSort (0ms)
		DisableScriptedObjects (0ms)
		BackupInstance (0ms)
		ReleaseScriptingObjects (0ms)
		CreateAndSetChildDomain (2ms)
	RebuildCommonClasses (38ms)
	RebuildNativeTypeToScriptingClass (8ms)
	initialDomainReloadingComplete (66ms)
	LoadAllAssembliesAndSetupDomain (141ms)
		LoadAssemblies (263ms)
		RebuildTransferFunctionScriptingTraits (0ms)
		AnalyzeDomain (137ms)
			TypeCache.Refresh (135ms)
				TypeCache.ScanAssembly (123ms)
			ScanForSourceGeneratedMonoScriptInfo (0ms)
			ResolveRequiredComponents (1ms)
	FinalizeReload (224ms)
		ReleaseScriptCaches (0ms)
		RebuildScriptCaches (0ms)
		SetupLoadedEditorAssemblies (187ms)
			LogAssemblyErrors (0ms)
			InitializePlatformSupportModulesInManaged (8ms)
			SetLoadedEditorAssemblies (7ms)
			RefreshPlugins (0ms)
			BeforeProcessingInitializeOnLoad (3ms)
			ProcessInitializeOnLoadAttributes (126ms)
			ProcessInitializeOnLoadMethodAttributes (41ms)
			AfterProcessingInitializeOnLoad (0ms)
			EditorAssembliesLoaded (0ms)
		ExecutionOrderSort2 (0ms)
		AwakeInstancesAfterBackupRestoration (0ms)
========================================================================
Worker process is ready to serve import requests
Caller must complete domain reload
Begin MonoManager ReloadAssembly
- Loaded All Assemblies, in  1.235 seconds
Native extension for WindowsStandalone target not found
Package Manager log level set to [2]
[Package Manager] Server::EnsureServerProcessIsRunning -- launch failed, reason: Unity was launched with the -noUpm command-line argument
[Package Manager] UpmClient::Send -- Unable to send message (not connected to UPM process).
[Package Manager] Cannot connect to Unity Package Manager local server
Mono: successfully reloaded assembly
- Finished resetting the current domain, in  0.899 seconds
Domain Reload Profiling: 2139ms
	BeginReloadAssembly (190ms)
		ExecutionOrderSort (0ms)
		DisableScriptedObjects (5ms)
		BackupInstance (0ms)
		ReleaseScriptingObjects (0ms)
		CreateAndSetChildDomain (23ms)
	RebuildCommonClasses (31ms)
	RebuildNativeTypeToScriptingClass (12ms)
	initialDomainReloadingComplete (36ms)
	LoadAllAssembliesAndSetupDomain (971ms)
		LoadAssemblies (681ms)
		RebuildTransferFunctionScriptingTraits (0ms)
		AnalyzeDomain (406ms)
			TypeCache.Refresh (343ms)
				TypeCache.ScanAssembly (244ms)
			ScanForSourceGeneratedMonoScriptInfo (45ms)
			ResolveRequiredComponents (16ms)
	FinalizeReload (900ms)
		ReleaseScriptCaches (0ms)
		RebuildScriptCaches (0ms)
		SetupLoadedEditorAssemblies (659ms)
			LogAssemblyErrors (0ms)
			InitializePlatformSupportModulesInManaged (5ms)
			SetLoadedEditorAssemblies (3ms)
			RefreshPlugins (0ms)
			BeforeProcessingInitializeOnLoad (71ms)
			ProcessInitializeOnLoadAttributes (490ms)
			ProcessInitializeOnLoadMethodAttributes (85ms)
			AfterProcessingInitializeOnLoad (3ms)
			EditorAssembliesLoaded (1ms)
		ExecutionOrderSort2 (0ms)
		AwakeInstancesAfterBackupRestoration (6ms)
Launched and connected shader compiler UnityShaderCompiler.exe after 0.14 seconds
Refreshing native plugins compatible for Editor in 11.18 ms, found 5 plugins.
Preloading 0 native plugins for Editor in 0.00 ms.
Unloading 6213 Unused Serialized files (Serialized files now loaded: 0)
Unloading 75 unused Assets / (23.1 MB). Loaded Objects now: 6652.
Memory consumption went from 266.1 MB to 243.0 MB.
Total: 7.955900 ms (FindLiveObjects: 0.514200 ms CreateObjectMapping: 0.153200 ms MarkObjects: 3.750300 ms  DeleteObjects: 3.537000 ms)

AssetImportParameters requested are different than current active one (requested -> active):
  custom:container-demuxer-ogg: 62fdf1f143b41e24485cea50d1cbac27 -> 
  custom:video-codec-MediaFoundation-h265: 746d11721c4dcdbdad8f713fa42b33f4 -> 
  custom:video-decoder-ogg-theora: a1e56fd34408186e4bbccfd4996cb3dc -> 
  custom:framework-win-MediaFoundation: 216162199b28c13a410421893ffa2e32 -> 
  custom:CustomObjectIndexerAttribute: 72b91833f83ae208fae7752999fa3104 -> 
  custom:container-demuxer-webm: 4f35f7cbe854078d1ac9338744f61a02 -> 
  custom:container-muxer-webm: aa71ff27fc2769a1b78a27578f13a17b -> 
  custom:video-decoder-webm-vp8: 9c59270c3fd7afecdb556c50c9e8de78 -> 
  custom:SearchIndexIgnoredProperties: e643bd26f0fe6173181afceb89e7c659 -> 
  custom:AudioImporter_EditorPlatform: d09bf68614088b80899f8185d706f6e7 -> 
  custom:video-encoder-webm-vp8: eb34c28f22e8b96e1ab97ce403110664 -> 
  custom:audio-decoder-ogg-vorbis: bf7c407c2cedff20999df2af8eb42d56 -> 
  custom:audio-encoder-webm-vorbis: bf7c407c2cedff20999df2af8eb42d56 -> 
========================================================================
Received Import Request.
  Time since last request: 1661284.523122 seconds.
  path: Assets/Scenes
  artifactKey: Guid(ea66a84303a49ac459c92bcc148e32b8) Importer(815301076,1909f56bfc062723c751e8b465ee728b)
Start importing Assets/Scenes using Guid(ea66a84303a49ac459c92bcc148e32b8) Importer(815301076,1909f56bfc062723c751e8b465ee728b) [PhysX] Initialized MultithreadedTaskDispatcher with 12 workers.
 -> (artifact id: 'f47803d6e2938737f569d9db3b598d77') in 0.006903 seconds
Number of updated asset objects reloaded before import = 0
Number of asset objects unloaded after import = 0
========================================================================
Received Import Request.
  Time since last request: 51.883826 seconds.
  path: Assets/labirinto/cenery-Sheet1.png
  artifactKey: Guid(71b9da27aacdf824089f37670d3de27e) Importer(815301076,1909f56bfc062723c751e8b465ee728b)
Start importing Assets/labirinto/cenery-Sheet1.png using Guid(71b9da27aacdf824089f37670d3de27e) Importer(815301076,1909f56bfc062723c751e8b465ee728b) [PhysX] Initialized MultithreadedTaskDispatcher with 12 workers.
[PhysX] Initialized MultithreadedTaskDispatcher with 12 workers.
 -> (artifact id: '165cc89737db92402aff9feec2b70090') in 0.278911 seconds
Number of updated asset objects reloaded before import = 0
Number of asset objects unloaded after import = 3
========================================================================
Received Import Request.
  Time since last request: 0.000090 seconds.
  path: Assets/labirinto/cenery-Sheet29.png
  artifactKey: Guid(fb0f23316593d7c42887b1f50676dd90) Importer(815301076,1909f56bfc062723c751e8b465ee728b)
Start importing Assets/labirinto/cenery-Sheet29.png using Guid(fb0f23316593d7c42887b1f50676dd90) Importer(815301076,1909f56bfc062723c751e8b465ee728b) [PhysX] Initialized MultithreadedTaskDispatcher with 12 workers.
[PhysX] Initialized MultithreadedTaskDispatcher with 12 workers.
 -> (artifact id: '632a299b149ebaf9056cf69fbb1a8f6d') in 0.019638 seconds
Number of updated asset objects reloaded before import = 0
Number of asset objects unloaded after import = 3
========================================================================
Received Import Request.
  Time since last request: 0.000072 seconds.
  path: Assets/labirinto/cenery-Sheet35.png
  artifactKey: Guid(0c34cef1802024141a34223a835cb6f1) Importer(815301076,1909f56bfc062723c751e8b465ee728b)
Start importing Assets/labirinto/cenery-Sheet35.png using Guid(0c34cef1802024141a34223a835cb6f1) Importer(815301076,1909f56bfc062723c751e8b465ee728b) [PhysX] Initialized MultithreadedTaskDispatcher with 12 workers.
[PhysX] Initialized MultithreadedTaskDispatcher with 12 workers.
 -> (artifact id: '774845eb24746d66d61dc0f70dd96cfd') in 0.022871 seconds
Number of updated asset objects reloaded before import = 0
Number of asset objects unloaded after import = 3
========================================================================
Received Import Request.
  Time since last request: 0.000018 seconds.
  path: Assets/labirinto/cenery-Sheet31.png
  artifactKey: Guid(3fe7a1e7232f6b44aa92ecdd33153647) Importer(815301076,1909f56bfc062723c751e8b465ee728b)
Start importing Assets/labirinto/cenery-Sheet31.png using Guid(3fe7a1e7232f6b44aa92ecdd33153647) Importer(815301076,1909f56bfc062723c751e8b465ee728b) [PhysX] Initialized MultithreadedTaskDispatcher with 12 workers.
[PhysX] Initialized MultithreadedTaskDispatcher with 12 workers.
 -> (artifact id: '2c91add33ae3c02130ad6a48770f658c') in 0.019479 seconds
Number of updated asset objects reloaded before import = 0
Number of asset objects unloaded after import = 3
========================================================================
Received Import Request.
  Time since last request: 0.000018 seconds.
  path: Assets/labirinto/cenery-Sheet26.png
  artifactKey: Guid(9d0944aaa13ce584bb08f1514ba4442f) Importer(815301076,1909f56bfc062723c751e8b465ee728b)
Start importing Assets/labirinto/cenery-Sheet26.png using Guid(9d0944aaa13ce584bb08f1514ba4442f) Importer(815301076,1909f56bfc062723c751e8b465ee728b) [PhysX] Initialized MultithreadedTaskDispatcher with 12 workers.
[PhysX] Initialized MultithreadedTaskDispatcher with 12 workers.
 -> (artifact id: '6644ffa4c1498a85c39fccb2786c467b') in 0.020768 seconds
Number of updated asset objects reloaded before import = 0
Number of asset objects unloaded after import = 3
========================================================================
Received Import Request.
  Time since last request: 0.000018 seconds.
  path: Assets/labirinto/cenery-Sheet18.png
  artifactKey: Guid(2b164eb08dc239c45a14f82e87b3b2a8) Importer(815301076,1909f56bfc062723c751e8b465ee728b)
Start importing Assets/labirinto/cenery-Sheet18.png using Guid(2b164eb08dc239c45a14f82e87b3b2a8) Importer(815301076,1909f56bfc062723c751e8b465ee728b) [PhysX] Initialized MultithreadedTaskDispatcher with 12 workers.
[PhysX] Initialized MultithreadedTaskDispatcher with 12 workers.
 -> (artifact id: '4c45d04ed7f39112876e641e0667240e') in 0.019952 seconds
Number of updated asset objects reloaded before import = 0
Number of asset objects unloaded after import = 3
========================================================================
Received Import Request.
  Time since last request: 0.000018 seconds.
  path: Assets/labirinto/cenery-Sheet11.png
  artifactKey: Guid(560bcb333d4db824284d02b20fdaed05) Importer(815301076,1909f56bfc062723c751e8b465ee728b)
Start importing Assets/labirinto/cenery-Sheet11.png using Guid(560bcb333d4db824284d02b20fdaed05) Importer(815301076,1909f56bfc062723c751e8b465ee728b) [PhysX] Initialized MultithreadedTaskDispatcher with 12 workers.
[PhysX] Initialized MultithreadedTaskDispatcher with 12 workers.
 -> (artifact id: 'cc3120358d3c735f04ed0b7a3d792439') in 0.023813 seconds
Number of updated asset objects reloaded before import = 0
Number of asset objects unloaded after import = 3
========================================================================
Received Import Request.
  Time since last request: 0.000185 seconds.
  path: Assets/labirinto/cenery-Sheet15.png
  artifactKey: Guid(cc453259154f1aa4d87e9fe0f2d1414a) Importer(815301076,1909f56bfc062723c751e8b465ee728b)
Start importing Assets/labirinto/cenery-Sheet15.png using Guid(cc453259154f1aa4d87e9fe0f2d1414a) Importer(815301076,1909f56bfc062723c751e8b465ee728b) [PhysX] Initialized MultithreadedTaskDispatcher with 12 workers.
[PhysX] Initialized MultithreadedTaskDispatcher with 12 workers.
 -> (artifact id: '2e612b3c484c912ba637c7e2b9e63f5e') in 0.021725 seconds
Number of updated asset objects reloaded before import = 0
Number of asset objects unloaded after import = 3
========================================================================
Received Import Request.
  Time since last request: 0.000020 seconds.
  path: Assets/labirinto/cenery-Sheet44.png
  artifactKey: Guid(09f5dc07ca002314387b56b19c624772) Importer(815301076,1909f56bfc062723c751e8b465ee728b)
Start importing Assets/labirinto/cenery-Sheet44.png using Guid(09f5dc07ca002314387b56b19c624772) Importer(815301076,1909f56bfc062723c751e8b465ee728b) [PhysX] Initialized MultithreadedTaskDispatcher with 12 workers.
[PhysX] Initialized MultithreadedTaskDispatcher with 12 workers.
 -> (artifact id: '4db63200a93888cd6dee6da23aeb7677') in 0.023656 seconds
Number of updated asset objects reloaded before import = 0
Number of asset objects unloaded after import = 3
========================================================================
Received Import Request.
  Time since last request: 0.000142 seconds.
  path: Assets/labirinto/cenery-Sheet34.png
  artifactKey: Guid(5f21ee0c812cbae4ba464c86d473d872) Importer(815301076,1909f56bfc062723c751e8b465ee728b)
Start importing Assets/labirinto/cenery-Sheet34.png using Guid(5f21ee0c812cbae4ba464c86d473d872) Importer(815301076,1909f56bfc062723c751e8b465ee728b) [PhysX] Initialized MultithreadedTaskDispatcher with 12 workers.
[PhysX] Initialized MultithreadedTaskDispatcher with 12 workers.
 -> (artifact id: '611c0433280d8a1158b816af3bce90d5') in 0.019932 seconds
Number of updated asset objects reloaded before import = 0
Number of asset objects unloaded after import = 3
========================================================================
Received Import Request.
  Time since last request: 0.000037 seconds.
  path: Assets/labirinto/cenery-Sheet27.png
  artifactKey: Guid(14b307158054554438f27f44ebce6de1) Importer(815301076,1909f56bfc062723c751e8b465ee728b)
Start importing Assets/labirinto/cenery-Sheet27.png using Guid(14b307158054554438f27f44ebce6de1) Importer(815301076,1909f56bfc062723c751e8b465ee728b) [PhysX] Initialized MultithreadedTaskDispatcher with 12 workers.
[PhysX] Initialized MultithreadedTaskDispatcher with 12 workers.
 -> (artifact id: '5a658ef8dcd006861be39327016e9cbe') in 0.021128 seconds
Number of updated asset objects reloaded before import = 0
Number of asset objects unloaded after import = 3
========================================================================
Received Import Request.
  Time since last request: 0.000019 seconds.
  path: Assets/labirinto/cenery-Sheet47.png
  artifactKey: Guid(c6ad9adf52d12d846860d3d2d36d9af1) Importer(815301076,1909f56bfc062723c751e8b465ee728b)
Start importing Assets/labirinto/cenery-Sheet47.png using Guid(c6ad9adf52d12d846860d3d2d36d9af1) Importer(815301076,1909f56bfc062723c751e8b465ee728b) [PhysX] Initialized MultithreadedTaskDispatcher with 12 workers.
[PhysX] Initialized MultithreadedTaskDispatcher with 12 workers.
 -> (artifact id: 'eb50ca7c7e3ba9af7173a49cdbf07e98') in 0.023425 seconds
Number of updated asset objects reloaded before import = 0
Number of asset objects unloaded after import = 3
========================================================================
Received Import Request.
  Time since last request: 0.000030 seconds.
  path: Assets/labirinto/cenery-Sheet6.png
  artifactKey: Guid(41d1fcb1b3df2b648ae8b5080e19a311) Importer(815301076,1909f56bfc062723c751e8b465ee728b)
Start importing Assets/labirinto/cenery-Sheet6.png using Guid(41d1fcb1b3df2b648ae8b5080e19a311) Importer(815301076,1909f56bfc062723c751e8b465ee728b) [PhysX] Initialized MultithreadedTaskDispatcher with 12 workers.
[PhysX] Initialized MultithreadedTaskDispatcher with 12 workers.
 -> (artifact id: '56654e9aea06a6d4fcc5e7fc12b8b924') in 0.023396 seconds
Number of updated asset objects reloaded before import = 0
Number of asset objects unloaded after import = 3
========================================================================
Received Import Request.
  Time since last request: 0.000022 seconds.
  path: Assets/labirinto/cenery-Sheet50.png
  artifactKey: Guid(6825928ac621d214d875bf5852e337e9) Importer(815301076,1909f56bfc062723c751e8b465ee728b)
Start importing Assets/labirinto/cenery-Sheet50.png using Guid(6825928ac621d214d875bf5852e337e9) Importer(815301076,1909f56bfc062723c751e8b465ee728b) [PhysX] Initialized MultithreadedTaskDispatcher with 12 workers.
[PhysX] Initialized MultithreadedTaskDispatcher with 12 workers.
 -> (artifact id: '80bc55b9135e48f88ed35eedc3b962ea') in 0.025465 seconds
Number of updated asset objects reloaded before import = 0
Number of asset objects unloaded after import = 3
========================================================================
Received Import Request.
  Time since last request: 0.000031 seconds.
  path: Assets/labirinto/cenery-Sheet37.png
  artifactKey: Guid(7eb26a2ad2450a24dbf08f721146fa9c) Importer(815301076,1909f56bfc062723c751e8b465ee728b)
Start importing Assets/labirinto/cenery-Sheet37.png using Guid(7eb26a2ad2450a24dbf08f721146fa9c) Importer(815301076,1909f56bfc062723c751e8b465ee728b) [PhysX] Initialized MultithreadedTaskDispatcher with 12 workers.
[PhysX] Initialized MultithreadedTaskDispatcher with 12 workers.
 -> (artifact id: '6ce1d532ad058be14de3298e145546c1') in 0.026054 seconds
Number of updated asset objects reloaded before import = 0
Number of asset objects unloaded after import = 3
========================================================================
Received Import Request.
  Time since last request: 0.000042 seconds.
  path: Assets/labirinto/cenery-Sheet13.png
  artifactKey: Guid(796629df6ae9de947a64366f3602d606) Importer(815301076,1909f56bfc062723c751e8b465ee728b)
Start importing Assets/labirinto/cenery-Sheet13.png using Guid(796629df6ae9de947a64366f3602d606) Importer(815301076,1909f56bfc062723c751e8b465ee728b) [PhysX] Initialized MultithreadedTaskDispatcher with 12 workers.
[PhysX] Initialized MultithreadedTaskDispatcher with 12 workers.
 -> (artifact id: '27cb78b7b733665d9a73350da90cb0fe') in 0.023786 seconds
Number of updated asset objects reloaded before import = 0
Number of asset objects unloaded after import = 3
========================================================================
Received Import Request.
  Time since last request: 0.000187 seconds.
  path: Assets/labirinto/cenery-Sheet28.png
  artifactKey: Guid(d2f2f410a57d21348bc2dc7c1a8f0784) Importer(815301076,1909f56bfc062723c751e8b465ee728b)
Start importing Assets/labirinto/cenery-Sheet28.png using Guid(d2f2f410a57d21348bc2dc7c1a8f0784) Importer(815301076,1909f56bfc062723c751e8b465ee728b) [PhysX] Initialized MultithreadedTaskDispatcher with 12 workers.
[PhysX] Initialized MultithreadedTaskDispatcher with 12 workers.
 -> (artifact id: 'c34d9a61bb9fb87c756857e4dab09a5b') in 0.024502 seconds
Number of updated asset objects reloaded before import = 0
Number of asset objects unloaded after import = 3
========================================================================
Received Import Request.
  Time since last request: 0.000027 seconds.
  path: Assets/labirinto/cenery-Sheet24.png
  artifactKey: Guid(f21ccd8cb70a3e24e92e0451816c3c0b) Importer(815301076,1909f56bfc062723c751e8b465ee728b)
Start importing Assets/labirinto/cenery-Sheet24.png using Guid(f21ccd8cb70a3e24e92e0451816c3c0b) Importer(815301076,1909f56bfc062723c751e8b465ee728b) [PhysX] Initialized MultithreadedTaskDispatcher with 12 workers.
[PhysX] Initialized MultithreadedTaskDispatcher with 12 workers.
 -> (artifact id: '90ca8e1cf5c5981516797c4e9b4d1d81') in 0.022142 seconds
Number of updated asset objects reloaded before import = 0
Number of asset objects unloaded after import = 3
========================================================================
Received Import Request.
  Time since last request: 0.000026 seconds.
  path: Assets/labirinto/cenery-Sheet39.png
  artifactKey: Guid(a2e6629e739929b438a30a678dfb6acd) Importer(815301076,1909f56bfc062723c751e8b465ee728b)
Start importing Assets/labirinto/cenery-Sheet39.png using Guid(a2e6629e739929b438a30a678dfb6acd) Importer(815301076,1909f56bfc062723c751e8b465ee728b) [PhysX] Initialized MultithreadedTaskDispatcher with 12 workers.
[PhysX] Initialized MultithreadedTaskDispatcher with 12 workers.
 -> (artifact id: 'd86cfb09cfdf1c9197bbd4a53033f8df') in 0.024628 seconds
Number of updated asset objects reloaded before import = 0
Number of asset objects unloaded after import = 3
========================================================================
Received Import Request.
  Time since last request: 0.000021 seconds.
  path: Assets/labirinto/cenery-Sheet46.png
  artifactKey: Guid(24e73a968cd35e841a7fdd7e79e47a8f) Importer(815301076,1909f56bfc062723c751e8b465ee728b)
Start importing Assets/labirinto/cenery-Sheet46.png using Guid(24e73a968cd35e841a7fdd7e79e47a8f) Importer(815301076,1909f56bfc062723c751e8b465ee728b) [PhysX] Initialized MultithreadedTaskDispatcher with 12 workers.
[PhysX] Initialized MultithreadedTaskDispatcher with 12 workers.
 -> (artifact id: 'e86b0400104ac71cc3213f37f0cb85e8') in 0.019280 seconds
Number of updated asset objects reloaded before import = 0
Number of asset objects unloaded after import = 3
========================================================================
Received Import Request.
  Time since last request: 0.000021 seconds.
  path: Assets/labirinto/cenery-Sheet49.png
  artifactKey: Guid(b48562c0c9077d74794a74f0fe3f759d) Importer(815301076,1909f56bfc062723c751e8b465ee728b)
Start importing Assets/labirinto/cenery-Sheet49.png using Guid(b48562c0c9077d74794a74f0fe3f759d) Importer(815301076,1909f56bfc062723c751e8b465ee728b) [PhysX] Initialized MultithreadedTaskDispatcher with 12 workers.
[PhysX] Initialized MultithreadedTaskDispatcher with 12 workers.
 -> (artifact id: 'fd8a7fbd75cdf78a7fe02a8b937a23a2') in 0.021952 seconds
Number of updated asset objects reloaded before import = 0
Number of asset objects unloaded after import = 3
========================================================================
Received Import Request.
  Time since last request: 0.000018 seconds.
  path: Assets/labirinto/cenery-Sheet25.png
  artifactKey: Guid(f60c11dae61cbe1419c8535fe9b50b66) Importer(815301076,1909f56bfc062723c751e8b465ee728b)
Start importing Assets/labirinto/cenery-Sheet25.png using Guid(f60c11dae61cbe1419c8535fe9b50b66) Importer(815301076,1909f56bfc062723c751e8b465ee728b) [PhysX] Initialized MultithreadedTaskDispatcher with 12 workers.
[PhysX] Initialized MultithreadedTaskDispatcher with 12 workers.
 -> (artifact id: '8b246e271c0f3222f60dfbaebaff7bb6') in 0.020779 seconds
Number of updated asset objects reloaded before import = 0
Number of asset objects unloaded after import = 3
========================================================================
Received Import Request.
  Time since last request: 0.000057 seconds.
  path: Assets/labirinto/cenery-Sheet53.png
  artifactKey: Guid(67e3b2a211e56eb4e83b3bb3c381910f) Importer(815301076,1909f56bfc062723c751e8b465ee728b)
Start importing Assets/labirinto/cenery-Sheet53.png using Guid(67e3b2a211e56eb4e83b3bb3c381910f) Importer(815301076,1909f56bfc062723c751e8b465ee728b) [PhysX] Initialized MultithreadedTaskDispatcher with 12 workers.
[PhysX] Initialized MultithreadedTaskDispatcher with 12 workers.
 -> (artifact id: 'd5b446230a2a40b2090d9c222cac82b4') in 0.028508 seconds
Number of updated asset objects reloaded before import = 0
Number of asset objects unloaded after import = 3
========================================================================
Received Import Request.
  Time since last request: 0.000126 seconds.
  path: Assets/labirinto/cenery-Sheet30.png
  artifactKey: Guid(90f7ad42456db6a48a3af56e8f63d146) Importer(815301076,1909f56bfc062723c751e8b465ee728b)
Start importing Assets/labirinto/cenery-Sheet30.png using Guid(90f7ad42456db6a48a3af56e8f63d146) Importer(815301076,1909f56bfc062723c751e8b465ee728b) [PhysX] Initialized MultithreadedTaskDispatcher with 12 workers.
[PhysX] Initialized MultithreadedTaskDispatcher with 12 workers.
 -> (artifact id: '597d5b53bc2c4f895326ebba95e38e16') in 0.021166 seconds
Number of updated asset objects reloaded before import = 0
Number of asset objects unloaded after import = 3
========================================================================
Received Import Request.
  Time since last request: 0.000022 seconds.
  path: Assets/labirinto/cenery-Sheet7.png
  artifactKey: Guid(9b07ccab792b1f74ba76dd2692a7ab71) Importer(815301076,1909f56bfc062723c751e8b465ee728b)
Start importing Assets/labirinto/cenery-Sheet7.png using Guid(9b07ccab792b1f74ba76dd2692a7ab71) Importer(815301076,1909f56bfc062723c751e8b465ee728b) [PhysX] Initialized MultithreadedTaskDispatcher with 12 workers.
[PhysX] Initialized MultithreadedTaskDispatcher with 12 workers.
 -> (artifact id: '1e64c2b3194b5b1f537e9f61cb1d33dc') in 0.023714 seconds
Number of updated asset objects reloaded before import = 0
Number of asset objects unloaded after import = 3
========================================================================
Received Import Request.
  Time since last request: 0.000024 seconds.
  path: Assets/labirinto/cenery-Sheet45.png
  artifactKey: Guid(374e46ed286ce4e4cbade117d3eb9a95) Importer(815301076,1909f56bfc062723c751e8b465ee728b)
Start importing Assets/labirinto/cenery-Sheet45.png using Guid(374e46ed286ce4e4cbade117d3eb9a95) Importer(815301076,1909f56bfc062723c751e8b465ee728b) [PhysX] Initialized MultithreadedTaskDispatcher with 12 workers.
[PhysX] Initialized MultithreadedTaskDispatcher with 12 workers.
 -> (artifact id: '1b4e1cb8b7fb2c4ad774aebd2e32a8a6') in 0.021674 seconds
Number of updated asset objects reloaded before import = 0
Number of asset objects unloaded after import = 3
========================================================================
Received Import Request.
  Time since last request: 0.000033 seconds.
  path: Assets/labirinto/cenery-Sheet10.png
  artifactKey: Guid(925e535b2101ea84cbe2119e3213908a) Importer(815301076,1909f56bfc062723c751e8b465ee728b)
Start importing Assets/labirinto/cenery-Sheet10.png using Guid(925e535b2101ea84cbe2119e3213908a) Importer(815301076,1909f56bfc062723c751e8b465ee728b) [PhysX] Initialized MultithreadedTaskDispatcher with 12 workers.
[PhysX] Initialized MultithreadedTaskDispatcher with 12 workers.
 -> (artifact id: 'a05a559f79cf24edaa2ea4d7c5c0fb7a') in 0.024528 seconds
Number of updated asset objects reloaded before import = 0
Number of asset objects unloaded after import = 3
========================================================================
Received Import Request.
  Time since last request: 0.000022 seconds.
  path: Assets/labirinto/cenery-Sheet5.png
  artifactKey: Guid(62b95f50cb04895439410699d4892f8b) Importer(815301076,1909f56bfc062723c751e8b465ee728b)
Start importing Assets/labirinto/cenery-Sheet5.png using Guid(62b95f50cb04895439410699d4892f8b) Importer(815301076,1909f56bfc062723c751e8b465ee728b) [PhysX] Initialized MultithreadedTaskDispatcher with 12 workers.
[PhysX] Initialized MultithreadedTaskDispatcher with 12 workers.
 -> (artifact id: '065ab051d069e30573812190f363ce2b') in 0.022431 seconds
Number of updated asset objects reloaded before import = 0
Number of asset objects unloaded after import = 3
========================================================================
Received Prepare
Caller must complete domain reload
Begin MonoManager ReloadAssembly
- Loaded All Assemblies, in  9.260 seconds
Native extension for WindowsStandalone target not found
[Package Manager] Server::EnsureServerProcessIsRunning -- launch failed, reason: Unity was launched with the -noUpm command-line argument
[Package Manager] UpmClient::Send -- Unable to send message (not connected to UPM process).
[Package Manager] Cannot connect to Unity Package Manager local server
Mono: successfully reloaded assembly
- Finished resetting the current domain, in  2.647 seconds
Domain Reload Profiling: 12837ms
	BeginReloadAssembly (4548ms)
		ExecutionOrderSort (1ms)
		DisableScriptedObjects (2553ms)
		BackupInstance (0ms)
		ReleaseScriptingObjects (2ms)
		CreateAndSetChildDomain (1330ms)
	RebuildCommonClasses (80ms)
	RebuildNativeTypeToScriptingClass (15ms)
	initialDomainReloadingComplete (64ms)
	LoadAllAssembliesAndSetupDomain (5480ms)
		LoadAssemblies (4373ms)
		RebuildTransferFunctionScriptingTraits (0ms)
		AnalyzeDomain (588ms)
			TypeCache.Refresh (265ms)
				TypeCache.ScanAssembly (10ms)
			ScanForSourceGeneratedMonoScriptInfo (216ms)
			ResolveRequiredComponents (105ms)
	FinalizeReload (2649ms)
		ReleaseScriptCaches (0ms)
		RebuildScriptCaches (0ms)
		SetupLoadedEditorAssemblies (1623ms)
			LogAssemblyErrors (0ms)
			InitializePlatformSupportModulesInManaged (60ms)
			SetLoadedEditorAssemblies (29ms)
			RefreshPlugins (0ms)
			BeforeProcessingInitializeOnLoad (245ms)
			ProcessInitializeOnLoadAttributes (1149ms)
			ProcessInitializeOnLoadMethodAttributes (134ms)
			AfterProcessingInitializeOnLoad (4ms)
			EditorAssembliesLoaded (3ms)
		ExecutionOrderSort2 (0ms)
		AwakeInstancesAfterBackupRestoration (15ms)
Refreshing native plugins compatible for Editor in 81.16 ms, found 5 plugins.
Preloading 0 native plugins for Editor in 0.00 ms.
Unloading 6017 Unused Serialized files (Serialized files now loaded: 0)
Unloading 49 unused Assets / (23.1 MB). Loaded Objects now: 6680.
Memory consumption went from 233.6 MB to 210.5 MB.
Total: 2630.587500 ms (FindLiveObjects: 141.190800 ms CreateObjectMapping: 16.386500 ms MarkObjects: 993.599500 ms  DeleteObjects: 1479.400500 ms)

Prepare: number of updated asset objects reloaded= 0
AssetImportParameters requested are different than current active one (requested -> active):
  custom:scripting/monoscript/fileName/MuteController.cs: aa214ff8c36ed44b85a2d0d1c7d86706 -> 
  custom:container-demuxer-ogg: 62fdf1f143b41e24485cea50d1cbac27 -> 
  custom:video-codec-MediaFoundation-h265: 746d11721c4dcdbdad8f713fa42b33f4 -> 
  custom:video-decoder-ogg-theora: a1e56fd34408186e4bbccfd4996cb3dc -> 
  custom:framework-win-MediaFoundation: 216162199b28c13a410421893ffa2e32 -> 
  custom:CustomObjectIndexerAttribute: 72b91833f83ae208fae7752999fa3104 -> 
  custom:container-demuxer-webm: 4f35f7cbe854078d1ac9338744f61a02 -> 
  custom:container-muxer-webm: aa71ff27fc2769a1b78a27578f13a17b -> 
  custom:video-decoder-webm-vp8: 9c59270c3fd7afecdb556c50c9e8de78 -> 
  custom:SearchIndexIgnoredProperties: e643bd26f0fe6173181afceb89e7c659 -> 
  custom:AudioImporter_EditorPlatform: d09bf68614088b80899f8185d706f6e7 -> 
  custom:scripting/monoscript/fileName/OptionsController.cs: 0d9cdf1b8b57b6536109ae22f4a084c8 -> 
  custom:video-encoder-webm-vp8: eb34c28f22e8b96e1ab97ce403110664 -> 
  custom:audio-decoder-ogg-vorbis: bf7c407c2cedff20999df2af8eb42d56 -> 
  custom:audio-encoder-webm-vorbis: bf7c407c2cedff20999df2af8eb42d56 -> 
  custom:scripting/monoscript/fileName/MenuController.cs: f98156acb6c9b62b4aff1540a104a198 -> 
  custom:scripting/precompiled-assembly-types:Assembly-CSharp: a8e262f96b27ce753e3e46f6513e0979 -> 32657f911d916424e64532be2b9cd67c
Editor requested this worker to shutdown with reason: Scaling down because of idle timeout
TcpMessagingSession - receive error: operation aborted. errorcode: 995, details: A operação de E/S foi anulada devido a uma saída de thread ou a uma requisição de aplicativo.
AssetImportWorker is now disconnected from the server
Process exiting
Exiting without the bug reporter. Application will terminate with return code 0